<?xml version="1.0" encoding="UTF-8"?>
<!-- Generated by org.testng.reporters.JUnitXMLReporter -->
<testsuite ignored="1" hostname="LAPTOP-72CDTN28" failures="0" tests="3" name="Default test" time="5.229" errors="0" timestamp="2021-04-23T09:29:20 IST">
  <testcase classname="org.testng.BeforeAfter" name="google" time="1.649"/>
  <testcase classname="org.testng.BeforeAfter" name="facebook" time="2.012"/>
  <testcase classname="org.testng.BeforeAfter" name="twitter" time="1.503"/>
  <testcase classname="org.testng.BeforeAfter" name="Adactinhotel" time="0.0">
    <ignored/>
  </testcase> <!-- Adactinhotel -->
</testsuite> <!-- Default test -->
