<?xml version="1.0" encoding="UTF-8"?>
<!-- Generated by org.testng.reporters.JUnitXMLReporter -->
<testsuite ignored="0" hostname="LAPTOP-72CDTN28" failures="1" tests="1" name="Test1" time="0.049" errors="0" timestamp="2021-04-26T16:17:45 IST">
  <testcase classname="parallelbrowser.Crossbroswer" name="listofbrowser" time="0.0">
    <failure type="org.testng.TestNGException" message="
Parameter &amp;apos;Browser&amp;apos; is required by @Test on method listofbrowser but has not been marked @Optional or defined
in C:\Users\Srinivasan\eclipse-workspace\TestNG\testng.xml">
      <![CDATA[org.testng.TestNGException: 
Parameter 'Browser' is required by @Test on method listofbrowser but has not been marked @Optional or defined
in C:\Users\Srinivasan\eclipse-workspace\TestNG\testng.xml
at java.base/java.util.ArrayList.forEach(ArrayList.java:1511)
at java.base/java.util.concurrent.FutureTask.run(FutureTask.java:264)
at java.base/java.util.concurrent.ThreadPoolExecutor.runWorker(ThreadPoolExecutor.java:1130)
at java.base/java.util.concurrent.ThreadPoolExecutor$Worker.run(ThreadPoolExecutor.java:630)
at java.base/java.lang.Thread.run(Thread.java:832)
... Removed 17 stack frames]]>
    </failure>
  </testcase> <!-- listofbrowser -->
</testsuite> <!-- Test1 -->
